d:\benutzer\victor\textdateien\c++\hiraethengine3\hiraethengine3\out\bin_dll-int\hiraethengine3\hiraethengine3-debug-x64.pch
d:\benutzer\victor\textdateien\c++\hiraethengine3\hiraethengine3\out\bin_dll-int\hiraethengine3\hiraethengine3.pdb
d:\benutzer\victor\textdateien\c++\hiraethengine3\hiraethengine3\out\bin_dll-int\hiraethengine3\hiraethengine3.idb
d:\benutzer\victor\textdateien\c++\hiraethengine3\hiraethengine3\out\bin_dll-int\hiraethengine3\hepch.obj
d:\benutzer\victor\textdateien\c++\hiraethengine3\hiraethengine3\out\bin_dll-int\hiraethengine3\hewindow.obj
d:\benutzer\victor\textdateien\c++\hiraethengine3\hiraethengine3\out\bin_dll-int\hiraethengine3\hewin32layer.obj
d:\benutzer\victor\textdateien\c++\hiraethengine3\hiraethengine3\out\bin_dll-int\hiraethengine3\heutils.obj
d:\benutzer\victor\textdateien\c++\hiraethengine3\hiraethengine3\out\bin_dll-int\hiraethengine3\heui.obj
d:\benutzer\victor\textdateien\c++\hiraethengine3\hiraethengine3\out\bin_dll-int\hiraethengine3\herenderer.obj
d:\benutzer\victor\textdateien\c++\hiraethengine3\hiraethengine3\out\bin_dll-int\hiraethengine3\hephysics.obj
d:\benutzer\victor\textdateien\c++\hiraethengine3\hiraethengine3\out\bin_dll-int\hiraethengine3\heloader.obj
d:\benutzer\victor\textdateien\c++\hiraethengine3\hiraethengine3\out\bin_dll-int\hiraethengine3\hegllayer.obj
d:\benutzer\victor\textdateien\c++\hiraethengine3\hiraethengine3\out\bin_dll-int\hiraethengine3\hedebugutils.obj
d:\benutzer\victor\textdateien\c++\hiraethengine3\hiraethengine3\out\bin_dll-int\hiraethengine3\hed3.obj
d:\benutzer\victor\textdateien\c++\hiraethengine3\hiraethengine3\out\bin_dll-int\hiraethengine3\hecore.obj
d:\benutzer\victor\textdateien\c++\hiraethengine3\hiraethengine3\out\bin_dll-int\hiraethengine3\heconverter.obj
d:\benutzer\victor\textdateien\c++\hiraethengine3\hiraethengine3\out\bin_dll-int\hiraethengine3\heconsole.obj
d:\benutzer\victor\textdateien\c++\hiraethengine3\hiraethengine3\out\bin_dll-int\hiraethengine3\hebinary.obj
d:\benutzer\victor\textdateien\c++\hiraethengine3\hiraethengine3\out\bin_dll-int\hiraethengine3\heassets.obj
d:\benutzer\victor\textdateien\c++\hiraethengine3\hiraethengine3\out\bin_dll\hiraethengine3\hiraethengine3-debug-x64.lib
d:\benutzer\victor\textdateien\c++\hiraethengine3\hiraethengine3\out\bin_dll-int\hiraethengine3\hiraethengine3.tlog\cl.command.1.tlog
d:\benutzer\victor\textdateien\c++\hiraethengine3\hiraethengine3\out\bin_dll-int\hiraethengine3\hiraethengine3.tlog\cl.read.1.tlog
d:\benutzer\victor\textdateien\c++\hiraethengine3\hiraethengine3\out\bin_dll-int\hiraethengine3\hiraethengine3.tlog\cl.write.1.tlog
d:\benutzer\victor\textdateien\c++\hiraethengine3\hiraethengine3\out\bin_dll-int\hiraethengine3\hiraethengine3.tlog\lib-link.read.1.tlog
d:\benutzer\victor\textdateien\c++\hiraethengine3\hiraethengine3\out\bin_dll-int\hiraethengine3\hiraethengine3.tlog\lib-link.write.1.tlog
d:\benutzer\victor\textdateien\c++\hiraethengine3\hiraethengine3\out\bin_dll-int\hiraethengine3\hiraethengine3.tlog\lib.command.1.tlog
