  sandbox.cpp
LINK : warning LNK4098: defaultlib 'LIBCMT' conflicts with use of other libs; use /NODEFAULTLIB:library
glew_x64.lib(glew.obj) : warning LNK4099: PDB 'vc120.pdb' was not found with 'glew_x64.lib(glew.obj)' or at 'D:\Benutzer\Victor\Textdateien\C++\HiraethEngine3\HiraethEngine3\out\bin\Sandbox\vc120.pdb'; linking object as if no debug info
BulletCollision_Debug.lib(btCollisionAlgorithm.obj) : warning LNK4099: PDB 'BulletCollision.pdb' was not found with 'BulletCollision_Debug.lib(btCollisionAlgorithm.obj)' or at 'D:\Benutzer\Victor\Textdateien\C++\HiraethEngine3\HiraethEngine3\out\bin\Sandbox\BulletCollision.pdb'; linking object as if no debug info
BulletCollision_Debug.lib(btDbvt.obj) : warning LNK4099: PDB 'BulletCollision.pdb' was not found with 'BulletCollision_Debug.lib(btDbvt.obj)' or at 'D:\Benutzer\Victor\Textdateien\C++\HiraethEngine3\HiraethEngine3\out\bin\Sandbox\BulletCollision.pdb'; linking object as if no debug info
BulletCollision_Debug.lib(btDbvtBroadphase.obj) : warning LNK4099: PDB 'BulletCollision.pdb' was not found with 'BulletCollision_Debug.lib(btDbvtBroadphase.obj)' or at 'D:\Benutzer\Victor\Textdateien\C++\HiraethEngine3\HiraethEngine3\out\bin\Sandbox\BulletCollision.pdb'; linking object as if no debug info
BulletCollision_Debug.lib(btDispatcher.obj) : warning LNK4099: PDB 'BulletCollision.pdb' was not found with 'BulletCollision_Debug.lib(btDispatcher.obj)' or at 'D:\Benutzer\Victor\Textdateien\C++\HiraethEngine3\HiraethEngine3\out\bin\Sandbox\BulletCollision.pdb'; linking object as if no debug info
BulletCollision_Debug.lib(btOverlappingPairCache.obj) : warning LNK4099: PDB 'BulletCollision.pdb' was not found with 'BulletCollision_Debug.lib(btOverlappingPairCache.obj)' or at 'D:\Benutzer\Victor\Textdateien\C++\HiraethEngine3\HiraethEngine3\out\bin\Sandbox\BulletCollision.pdb'; linking object as if no debug info
BulletCollision_Debug.lib(btQuantizedBvh.obj) : warning LNK4099: PDB 'BulletCollision.pdb' was not found with 'BulletCollision_Debug.lib(btQuantizedBvh.obj)' or at 'D:\Benutzer\Victor\Textdateien\C++\HiraethEngine3\HiraethEngine3\out\bin\Sandbox\BulletCollision.pdb'; linking object as if no debug info
BulletCollision_Debug.lib(btActivatingCollisionAlgorithm.obj) : warning LNK4099: PDB 'BulletCollision.pdb' was not found with 'BulletCollision_Debug.lib(btActivatingCollisionAlgorithm.obj)' or at 'D:\Benutzer\Victor\Textdateien\C++\HiraethEngine3\HiraethEngine3\out\bin\Sandbox\BulletCollision.pdb'; linking object as if no debug info
BulletCollision_Debug.lib(btBoxBoxCollisionAlgorithm.obj) : warning LNK4099: PDB 'BulletCollision.pdb' was not found with 'BulletCollision_Debug.lib(btBoxBoxCollisionAlgorithm.obj)' or at 'D:\Benutzer\Victor\Textdateien\C++\HiraethEngine3\HiraethEngine3\out\bin\Sandbox\BulletCollision.pdb'; linking object as if no debug info
BulletCollision_Debug.lib(btBoxBoxDetector.obj) : warning LNK4099: PDB 'BulletCollision.pdb' was not found with 'BulletCollision_Debug.lib(btBoxBoxDetector.obj)' or at 'D:\Benutzer\Victor\Textdateien\C++\HiraethEngine3\HiraethEngine3\out\bin\Sandbox\BulletCollision.pdb'; linking object as if no debug info
BulletCollision_Debug.lib(btCollisionDispatcher.obj) : warning LNK4099: PDB 'BulletCollision.pdb' was not found with 'BulletCollision_Debug.lib(btCollisionDispatcher.obj)' or at 'D:\Benutzer\Victor\Textdateien\C++\HiraethEngine3\HiraethEngine3\out\bin\Sandbox\BulletCollision.pdb'; linking object as if no debug info
BulletCollision_Debug.lib(btCollisionObject.obj) : warning LNK4099: PDB 'BulletCollision.pdb' was not found with 'BulletCollision_Debug.lib(btCollisionObject.obj)' or at 'D:\Benutzer\Victor\Textdateien\C++\HiraethEngine3\HiraethEngine3\out\bin\Sandbox\BulletCollision.pdb'; linking object as if no debug info
BulletCollision_Debug.lib(btCollisionWorld.obj) : warning LNK4099: PDB 'BulletCollision.pdb' was not found with 'BulletCollision_Debug.lib(btCollisionWorld.obj)' or at 'D:\Benutzer\Victor\Textdateien\C++\HiraethEngine3\HiraethEngine3\out\bin\Sandbox\BulletCollision.pdb'; linking object as if no debug info
BulletCollision_Debug.lib(btCompoundCollisionAlgorithm.obj) : warning LNK4099: PDB 'BulletCollision.pdb' was not found with 'BulletCollision_Debug.lib(btCompoundCollisionAlgorithm.obj)' or at 'D:\Benutzer\Victor\Textdateien\C++\HiraethEngine3\HiraethEngine3\out\bin\Sandbox\BulletCollision.pdb'; linking object as if no debug info
BulletCollision_Debug.lib(btCompoundCompoundCollisionAlgorithm.obj) : warning LNK4099: PDB 'BulletCollision.pdb' was not found with 'BulletCollision_Debug.lib(btCompoundCompoundCollisionAlgorithm.obj)' or at 'D:\Benutzer\Victor\Textdateien\C++\HiraethEngine3\HiraethEngine3\out\bin\Sandbox\BulletCollision.pdb'; linking object as if no debug info
BulletCollision_Debug.lib(btConvexConcaveCollisionAlgorithm.obj) : warning LNK4099: PDB 'BulletCollision.pdb' was not found with 'BulletCollision_Debug.lib(btConvexConcaveCollisionAlgorithm.obj)' or at 'D:\Benutzer\Victor\Textdateien\C++\HiraethEngine3\HiraethEngine3\out\bin\Sandbox\BulletCollision.pdb'; linking object as if no debug info
BulletCollision_Debug.lib(btConvexConvexAlgorithm.obj) : warning LNK4099: PDB 'BulletCollision.pdb' was not found with 'BulletCollision_Debug.lib(btConvexConvexAlgorithm.obj)' or at 'D:\Benutzer\Victor\Textdateien\C++\HiraethEngine3\HiraethEngine3\out\bin\Sandbox\BulletCollision.pdb'; linking object as if no debug info
BulletCollision_Debug.lib(btConvexPlaneCollisionAlgorithm.obj) : warning LNK4099: PDB 'BulletCollision.pdb' was not found with 'BulletCollision_Debug.lib(btConvexPlaneCollisionAlgorithm.obj)' or at 'D:\Benutzer\Victor\Textdateien\C++\HiraethEngine3\HiraethEngine3\out\bin\Sandbox\BulletCollision.pdb'; linking object as if no debug info
BulletCollision_Debug.lib(btDefaultCollisionConfiguration.obj) : warning LNK4099: PDB 'BulletCollision.pdb' was not found with 'BulletCollision_Debug.lib(btDefaultCollisionConfiguration.obj)' or at 'D:\Benutzer\Victor\Textdateien\C++\HiraethEngine3\HiraethEngine3\out\bin\Sandbox\BulletCollision.pdb'; linking object as if no debug info
BulletCollision_Debug.lib(btEmptyCollisionAlgorithm.obj) : warning LNK4099: PDB 'BulletCollision.pdb' was not found with 'BulletCollision_Debug.lib(btEmptyCollisionAlgorithm.obj)' or at 'D:\Benutzer\Victor\Textdateien\C++\HiraethEngine3\HiraethEngine3\out\bin\Sandbox\BulletCollision.pdb'; linking object as if no debug info
BulletCollision_Debug.lib(btGhostObject.obj) : warning LNK4099: PDB 'BulletCollision.pdb' was not found with 'BulletCollision_Debug.lib(btGhostObject.obj)' or at 'D:\Benutzer\Victor\Textdateien\C++\HiraethEngine3\HiraethEngine3\out\bin\Sandbox\BulletCollision.pdb'; linking object as if no debug info
BulletCollision_Debug.lib(btHashedSimplePairCache.obj) : warning LNK4099: PDB 'BulletCollision.pdb' was not found with 'BulletCollision_Debug.lib(btHashedSimplePairCache.obj)' or at 'D:\Benutzer\Victor\Textdateien\C++\HiraethEngine3\HiraethEngine3\out\bin\Sandbox\BulletCollision.pdb'; linking object as if no debug info
BulletCollision_Debug.lib(btManifoldResult.obj) : warning LNK4099: PDB 'BulletCollision.pdb' was not found with 'BulletCollision_Debug.lib(btManifoldResult.obj)' or at 'D:\Benutzer\Victor\Textdateien\C++\HiraethEngine3\HiraethEngine3\out\bin\Sandbox\BulletCollision.pdb'; linking object as if no debug info
BulletCollision_Debug.lib(btSimulationIslandManager.obj) : warning LNK4099: PDB 'BulletCollision.pdb' was not found with 'BulletCollision_Debug.lib(btSimulationIslandManager.obj)' or at 'D:\Benutzer\Victor\Textdateien\C++\HiraethEngine3\HiraethEngine3\out\bin\Sandbox\BulletCollision.pdb'; linking object as if no debug info
BulletCollision_Debug.lib(btSphereSphereCollisionAlgorithm.obj) : warning LNK4099: PDB 'BulletCollision.pdb' was not found with 'BulletCollision_Debug.lib(btSphereSphereCollisionAlgorithm.obj)' or at 'D:\Benutzer\Victor\Textdateien\C++\HiraethEngine3\HiraethEngine3\out\bin\Sandbox\BulletCollision.pdb'; linking object as if no debug info
BulletCollision_Debug.lib(btSphereTriangleCollisionAlgorithm.obj) : warning LNK4099: PDB 'BulletCollision.pdb' was not found with 'BulletCollision_Debug.lib(btSphereTriangleCollisionAlgorithm.obj)' or at 'D:\Benutzer\Victor\Textdateien\C++\HiraethEngine3\HiraethEngine3\out\bin\Sandbox\BulletCollision.pdb'; linking object as if no debug info
BulletCollision_Debug.lib(btUnionFind.obj) : warning LNK4099: PDB 'BulletCollision.pdb' was not found with 'BulletCollision_Debug.lib(btUnionFind.obj)' or at 'D:\Benutzer\Victor\Textdateien\C++\HiraethEngine3\HiraethEngine3\out\bin\Sandbox\BulletCollision.pdb'; linking object as if no debug info
BulletCollision_Debug.lib(SphereTriangleDetector.obj) : warning LNK4099: PDB 'BulletCollision.pdb' was not found with 'BulletCollision_Debug.lib(SphereTriangleDetector.obj)' or at 'D:\Benutzer\Victor\Textdateien\C++\HiraethEngine3\HiraethEngine3\out\bin\Sandbox\BulletCollision.pdb'; linking object as if no debug info
BulletCollision_Debug.lib(btBoxShape.obj) : warning LNK4099: PDB 'BulletCollision.pdb' was not found with 'BulletCollision_Debug.lib(btBoxShape.obj)' or at 'D:\Benutzer\Victor\Textdateien\C++\HiraethEngine3\HiraethEngine3\out\bin\Sandbox\BulletCollision.pdb'; linking object as if no debug info
BulletCollision_Debug.lib(btBvhTriangleMeshShape.obj) : warning LNK4099: PDB 'BulletCollision.pdb' was not found with 'BulletCollision_Debug.lib(btBvhTriangleMeshShape.obj)' or at 'D:\Benutzer\Victor\Textdateien\C++\HiraethEngine3\HiraethEngine3\out\bin\Sandbox\BulletCollision.pdb'; linking object as if no debug info
BulletCollision_Debug.lib(btCapsuleShape.obj) : warning LNK4099: PDB 'BulletCollision.pdb' was not found with 'BulletCollision_Debug.lib(btCapsuleShape.obj)' or at 'D:\Benutzer\Victor\Textdateien\C++\HiraethEngine3\HiraethEngine3\out\bin\Sandbox\BulletCollision.pdb'; linking object as if no debug info
BulletCollision_Debug.lib(btCollisionShape.obj) : warning LNK4099: PDB 'BulletCollision.pdb' was not found with 'BulletCollision_Debug.lib(btCollisionShape.obj)' or at 'D:\Benutzer\Victor\Textdateien\C++\HiraethEngine3\HiraethEngine3\out\bin\Sandbox\BulletCollision.pdb'; linking object as if no debug info
BulletCollision_Debug.lib(btConcaveShape.obj) : warning LNK4099: PDB 'BulletCollision.pdb' was not found with 'BulletCollision_Debug.lib(btConcaveShape.obj)' or at 'D:\Benutzer\Victor\Textdateien\C++\HiraethEngine3\HiraethEngine3\out\bin\Sandbox\BulletCollision.pdb'; linking object as if no debug info
BulletCollision_Debug.lib(btConvexHullShape.obj) : warning LNK4099: PDB 'BulletCollision.pdb' was not found with 'BulletCollision_Debug.lib(btConvexHullShape.obj)' or at 'D:\Benutzer\Victor\Textdateien\C++\HiraethEngine3\HiraethEngine3\out\bin\Sandbox\BulletCollision.pdb'; linking object as if no debug info
BulletCollision_Debug.lib(btConvexInternalShape.obj) : warning LNK4099: PDB 'BulletCollision.pdb' was not found with 'BulletCollision_Debug.lib(btConvexInternalShape.obj)' or at 'D:\Benutzer\Victor\Textdateien\C++\HiraethEngine3\HiraethEngine3\out\bin\Sandbox\BulletCollision.pdb'; linking object as if no debug info
BulletCollision_Debug.lib(btConvexPolyhedron.obj) : warning LNK4099: PDB 'BulletCollision.pdb' was not found with 'BulletCollision_Debug.lib(btConvexPolyhedron.obj)' or at 'D:\Benutzer\Victor\Textdateien\C++\HiraethEngine3\HiraethEngine3\out\bin\Sandbox\BulletCollision.pdb'; linking object as if no debug info
BulletCollision_Debug.lib(btConvexShape.obj) : warning LNK4099: PDB 'BulletCollision.pdb' was not found with 'BulletCollision_Debug.lib(btConvexShape.obj)' or at 'D:\Benutzer\Victor\Textdateien\C++\HiraethEngine3\HiraethEngine3\out\bin\Sandbox\BulletCollision.pdb'; linking object as if no debug info
BulletCollision_Debug.lib(btHeightfieldTerrainShape.obj) : warning LNK4099: PDB 'BulletCollision.pdb' was not found with 'BulletCollision_Debug.lib(btHeightfieldTerrainShape.obj)' or at 'D:\Benutzer\Victor\Textdateien\C++\HiraethEngine3\HiraethEngine3\out\bin\Sandbox\BulletCollision.pdb'; linking object as if no debug info
BulletCollision_Debug.lib(btMiniSDF.obj) : warning LNK4099: PDB 'BulletCollision.pdb' was not found with 'BulletCollision_Debug.lib(btMiniSDF.obj)' or at 'D:\Benutzer\Victor\Textdateien\C++\HiraethEngine3\HiraethEngine3\out\bin\Sandbox\BulletCollision.pdb'; linking object as if no debug info
BulletCollision_Debug.lib(btOptimizedBvh.obj) : warning LNK4099: PDB 'BulletCollision.pdb' was not found with 'BulletCollision_Debug.lib(btOptimizedBvh.obj)' or at 'D:\Benutzer\Victor\Textdateien\C++\HiraethEngine3\HiraethEngine3\out\bin\Sandbox\BulletCollision.pdb'; linking object as if no debug info
BulletCollision_Debug.lib(btPolyhedralConvexShape.obj) : warning LNK4099: PDB 'BulletCollision.pdb' was not found with 'BulletCollision_Debug.lib(btPolyhedralConvexShape.obj)' or at 'D:\Benutzer\Victor\Textdateien\C++\HiraethEngine3\HiraethEngine3\out\bin\Sandbox\BulletCollision.pdb'; linking object as if no debug info
BulletCollision_Debug.lib(btSdfCollisionShape.obj) : warning LNK4099: PDB 'BulletCollision.pdb' was not found with 'BulletCollision_Debug.lib(btSdfCollisionShape.obj)' or at 'D:\Benutzer\Victor\Textdateien\C++\HiraethEngine3\HiraethEngine3\out\bin\Sandbox\BulletCollision.pdb'; linking object as if no debug info
BulletCollision_Debug.lib(btSphereShape.obj) : warning LNK4099: PDB 'BulletCollision.pdb' was not found with 'BulletCollision_Debug.lib(btSphereShape.obj)' or at 'D:\Benutzer\Victor\Textdateien\C++\HiraethEngine3\HiraethEngine3\out\bin\Sandbox\BulletCollision.pdb'; linking object as if no debug info
BulletCollision_Debug.lib(btStridingMeshInterface.obj) : warning LNK4099: PDB 'BulletCollision.pdb' was not found with 'BulletCollision_Debug.lib(btStridingMeshInterface.obj)' or at 'D:\Benutzer\Victor\Textdateien\C++\HiraethEngine3\HiraethEngine3\out\bin\Sandbox\BulletCollision.pdb'; linking object as if no debug info
BulletCollision_Debug.lib(btTriangleCallback.obj) : warning LNK4099: PDB 'BulletCollision.pdb' was not found with 'BulletCollision_Debug.lib(btTriangleCallback.obj)' or at 'D:\Benutzer\Victor\Textdateien\C++\HiraethEngine3\HiraethEngine3\out\bin\Sandbox\BulletCollision.pdb'; linking object as if no debug info
BulletCollision_Debug.lib(btTriangleIndexVertexArray.obj) : warning LNK4099: PDB 'BulletCollision.pdb' was not found with 'BulletCollision_Debug.lib(btTriangleIndexVertexArray.obj)' or at 'D:\Benutzer\Victor\Textdateien\C++\HiraethEngine3\HiraethEngine3\out\bin\Sandbox\BulletCollision.pdb'; linking object as if no debug info
BulletCollision_Debug.lib(btTriangleMesh.obj) : warning LNK4099: PDB 'BulletCollision.pdb' was not found with 'BulletCollision_Debug.lib(btTriangleMesh.obj)' or at 'D:\Benutzer\Victor\Textdateien\C++\HiraethEngine3\HiraethEngine3\out\bin\Sandbox\BulletCollision.pdb'; linking object as if no debug info
BulletCollision_Debug.lib(btTriangleMeshShape.obj) : warning LNK4099: PDB 'BulletCollision.pdb' was not found with 'BulletCollision_Debug.lib(btTriangleMeshShape.obj)' or at 'D:\Benutzer\Victor\Textdateien\C++\HiraethEngine3\HiraethEngine3\out\bin\Sandbox\BulletCollision.pdb'; linking object as if no debug info
BulletCollision_Debug.lib(btContinuousConvexCollision.obj) : warning LNK4099: PDB 'BulletCollision.pdb' was not found with 'BulletCollision_Debug.lib(btContinuousConvexCollision.obj)' or at 'D:\Benutzer\Victor\Textdateien\C++\HiraethEngine3\HiraethEngine3\out\bin\Sandbox\BulletCollision.pdb'; linking object as if no debug info
BulletCollision_Debug.lib(btConvexCast.obj) : warning LNK4099: PDB 'BulletCollision.pdb' was not found with 'BulletCollision_Debug.lib(btConvexCast.obj)' or at 'D:\Benutzer\Victor\Textdateien\C++\HiraethEngine3\HiraethEngine3\out\bin\Sandbox\BulletCollision.pdb'; linking object as if no debug info
BulletCollision_Debug.lib(btGjkConvexCast.obj) : warning LNK4099: PDB 'BulletCollision.pdb' was not found with 'BulletCollision_Debug.lib(btGjkConvexCast.obj)' or at 'D:\Benutzer\Victor\Textdateien\C++\HiraethEngine3\HiraethEngine3\out\bin\Sandbox\BulletCollision.pdb'; linking object as if no debug info
BulletCollision_Debug.lib(btGjkEpa2.obj) : warning LNK4099: PDB 'BulletCollision.pdb' was not found with 'BulletCollision_Debug.lib(btGjkEpa2.obj)' or at 'D:\Benutzer\Victor\Textdateien\C++\HiraethEngine3\HiraethEngine3\out\bin\Sandbox\BulletCollision.pdb'; linking object as if no debug info
BulletCollision_Debug.lib(btGjkEpaPenetrationDepthSolver.obj) : warning LNK4099: PDB 'BulletCollision.pdb' was not found with 'BulletCollision_Debug.lib(btGjkEpaPenetrationDepthSolver.obj)' or at 'D:\Benutzer\Victor\Textdateien\C++\HiraethEngine3\HiraethEngine3\out\bin\Sandbox\BulletCollision.pdb'; linking object as if no debug info
BulletCollision_Debug.lib(btGjkPairDetector.obj) : warning LNK4099: PDB 'BulletCollision.pdb' was not found with 'BulletCollision_Debug.lib(btGjkPairDetector.obj)' or at 'D:\Benutzer\Victor\Textdateien\C++\HiraethEngine3\HiraethEngine3\out\bin\Sandbox\BulletCollision.pdb'; linking object as if no debug info
BulletCollision_Debug.lib(btMinkowskiPenetrationDepthSolver.obj) : warning LNK4099: PDB 'BulletCollision.pdb' was not found with 'BulletCollision_Debug.lib(btMinkowskiPenetrationDepthSolver.obj)' or at 'D:\Benutzer\Victor\Textdateien\C++\HiraethEngine3\HiraethEngine3\out\bin\Sandbox\BulletCollision.pdb'; linking object as if no debug info
BulletCollision_Debug.lib(btPersistentManifold.obj) : warning LNK4099: PDB 'BulletCollision.pdb' was not found with 'BulletCollision_Debug.lib(btPersistentManifold.obj)' or at 'D:\Benutzer\Victor\Textdateien\C++\HiraethEngine3\HiraethEngine3\out\bin\Sandbox\BulletCollision.pdb'; linking object as if no debug info
BulletCollision_Debug.lib(btRaycastCallback.obj) : warning LNK4099: PDB 'BulletCollision.pdb' was not found with 'BulletCollision_Debug.lib(btRaycastCallback.obj)' or at 'D:\Benutzer\Victor\Textdateien\C++\HiraethEngine3\HiraethEngine3\out\bin\Sandbox\BulletCollision.pdb'; linking object as if no debug info
BulletCollision_Debug.lib(btSubSimplexConvexCast.obj) : warning LNK4099: PDB 'BulletCollision.pdb' was not found with 'BulletCollision_Debug.lib(btSubSimplexConvexCast.obj)' or at 'D:\Benutzer\Victor\Textdateien\C++\HiraethEngine3\HiraethEngine3\out\bin\Sandbox\BulletCollision.pdb'; linking object as if no debug info
BulletCollision_Debug.lib(btVoronoiSimplexSolver.obj) : warning LNK4099: PDB 'BulletCollision.pdb' was not found with 'BulletCollision_Debug.lib(btVoronoiSimplexSolver.obj)' or at 'D:\Benutzer\Victor\Textdateien\C++\HiraethEngine3\HiraethEngine3\out\bin\Sandbox\BulletCollision.pdb'; linking object as if no debug info
BulletCollision_Debug.lib(btPolyhedralContactClipping.obj) : warning LNK4099: PDB 'BulletCollision.pdb' was not found with 'BulletCollision_Debug.lib(btPolyhedralContactClipping.obj)' or at 'D:\Benutzer\Victor\Textdateien\C++\HiraethEngine3\HiraethEngine3\out\bin\Sandbox\BulletCollision.pdb'; linking object as if no debug info
  Sandbox.vcxproj -> D:\Benutzer\Victor\Textdateien\C++\HiraethEngine3\HiraethEngine3\out\bin\Sandbox\Sandbox.exe

Project Performance Summary:
     4154 ms  D:\Benutzer\Victor\Textdateien\C++\HiraethEngine3\HiraethEngine3\Sandbox\Sandbox.vcxproj   1 calls
               4154 ms  Rebuild                                    1 calls

Target Performance Summary:
        0 ms  Rebuild                                    1 calls
        0 ms  _ResourceCompile                           1 calls
        0 ms  AfterResourceCompile                       1 calls
        0 ms  MakeDirsForBscMake                         1 calls
        0 ms  BeforeResourceCompile                      1 calls
        0 ms  _ClCompile                                 1 calls
        0 ms  AfterClCompile                             1 calls
        0 ms  AfterRebuild                               1 calls
        0 ms  SelectClCompile                            1 calls
        0 ms  _BscMake                                   1 calls
        0 ms  AfterBuildCompileEvent                     1 calls
        0 ms  FixupCLCompileOptions                      1 calls
        0 ms  ComputeReferenceCLInput                    1 calls
        0 ms  FindReferenceAssembliesForReferences       1 calls
        0 ms  ComputeCLInputPDBName                      1 calls
        0 ms  BeforeClCompile                            1 calls
        0 ms  BuildCompileTraverse                       1 calls
        0 ms  BuildGenerateSources                       1 calls
        0 ms  _BuildGenerateSourcesAction                1 calls
        0 ms  AfterBuildGenerateSourcesEvent             1 calls
        0 ms  AfterBuildGenerateSources                  1 calls
        0 ms  WarnCompileDuplicatedFilename              1 calls
        0 ms  _BuildCompileAction                        1 calls
        0 ms  BuildCompile                               1 calls
        0 ms  BuildLinkTraverse                          1 calls
        0 ms  _ALink                                     1 calls
        0 ms  _Link                                      1 calls
        0 ms  AfterLink                                  1 calls
        0 ms  ResolvedXDCMake                            1 calls
        0 ms  ComputeCLCompileGeneratedXDCFiles          1 calls
        0 ms  ComputeLinkSwitches                        1 calls
        0 ms  MakeDirsForXdcMake                         1 calls
        0 ms  DoLinkOutputFilesMatch                     1 calls
        0 ms  _XdcMake                                   1 calls
        0 ms  PrepareResourceNames                       1 calls
        0 ms  CreateCustomManifestResourceNames          1 calls
        0 ms  SplitResourcesByCulture                    1 calls
        0 ms  ComputeCLCompileGeneratedSbrFiles          1 calls
        0 ms  ComputeManifestInputsTargets               1 calls
        0 ms  ComputeLinkInputsFromProject               1 calls
        0 ms  ComputeCLGeneratedLinkInputs               1 calls
        0 ms  ComputeManifestGeneratedLinkerInputs       1 calls
        0 ms  ComputeRCGeneratedLinkInputs               1 calls
        0 ms  ComputeRCOutputs                           1 calls
        0 ms  BeforeLink                                 1 calls
        0 ms  ComputeLegacyManifestEmbedding             1 calls
        0 ms  _Midl                                      1 calls
        0 ms  _Manifest                                  1 calls
        0 ms  CreateSatelliteAssemblies                  1 calls
        0 ms  MakeDirsForMidl                            1 calls
        0 ms  _PrepareForBuild                           1 calls
        0 ms  Clean                                      1 calls
        0 ms  CppClean                                   1 calls
        0 ms  PGInstrumentedClean                        1 calls
        0 ms  AfterCppClean                              1 calls
        0 ms  PostBuildEvent                             1 calls
        0 ms  BeforeCppClean                             1 calls
        0 ms  AfterClean                                 1 calls
        0 ms  CleanPublishFolder                         1 calls
        0 ms  _PrepareForReferenceResolution             1 calls
        0 ms  CleanReferencedProjects                    1 calls
        0 ms  _BuildLinkAction                           1 calls
        0 ms  BuildLink                                  1 calls
        0 ms  AssignProjectConfiguration                 1 calls
        0 ms  AfterBuild                                 1 calls
        0 ms  BeforeClean                                1 calls
        0 ms  IncrementalClean                           1 calls
        0 ms  BeforeRebuild                              1 calls
        0 ms  Build                                      1 calls
        0 ms  SetTelemetryEnvironmentVariables           1 calls
        0 ms  PrepareProjectReferences                   1 calls
        0 ms  ComputeMIDLGeneratedCompileInputs          1 calls
        0 ms  BeforeResolveReferences                    1 calls
        0 ms  PrepareForRun                              1 calls
        0 ms  _Xsd                                       1 calls
        0 ms  _Appverifier                               1 calls
        0 ms  _Deploy                                    1 calls
        0 ms  ComputeCustomBuildOutput                   1 calls
        0 ms  SelectCustomBuild                          1 calls
        0 ms  _SelectedFiles                             1 calls
        0 ms  PreBuildEvent                              1 calls
        0 ms  BeforeBuildGenerateSources                 1 calls
        0 ms  BuildGenerateSourcesTraverse               1 calls
        0 ms  _PopulateCommonStateForGetCopyToOutputDirectoryItems   1 calls
        0 ms  ResolveProjectReferences                   1 calls
        0 ms  ResolveReferences                          1 calls
        0 ms  ResolveAssemblyReferences                  1 calls
        0 ms  ExpandSDKReferences                        1 calls
        0 ms  GetCopyToOutputDirectoryXamlAppDefs        1 calls
        0 ms  _GetCopyToOutputDirectoryItemsFromThisProject   1 calls
        0 ms  _CopySourceItemsToOutputDirectory          1 calls
        0 ms  _CheckWindowsSDKInstalled                  1 calls
        0 ms  GetResolvedWinMD                           1 calls
        0 ms  CopyFilesToOutputDirectory                 1 calls
        0 ms  GetReferenceAssemblyPaths                  1 calls
        0 ms  AfterResolveReferences                     1 calls
        0 ms  RegisterOutput                             1 calls
        0 ms  ComputeCLOutputs                           1 calls
        0 ms  _CheckForInvalidConfigurationAndPlatform   1 calls
        0 ms  GetFrameworkPaths                          1 calls
        0 ms  ResolveSDKReferences                       1 calls
        0 ms  _CleanGetCurrentAndPriorFileWrites         1 calls
        0 ms  _GenerateSatelliteAssemblyInputs           1 calls
        0 ms  SetBuildDefaultEnvironmentVariables        1 calls
        0 ms  MakeDirsForCl                              1 calls
        0 ms  CopyFileToFolders                          1 calls
        0 ms  AssignTargetPaths                          1 calls
        0 ms  _PrepareForRebuild                         1 calls
        0 ms  PreLinkEvent                               1 calls
        0 ms  MakeDirsForLink                            1 calls
        0 ms  _GetProjectReferenceTargetFrameworkProperties   1 calls
        0 ms  _SplitProjectReferencesByFileExistence     1 calls
        0 ms  _CheckForCompileOutputs                    1 calls
        0 ms  ComputeLinkImportLibraryOutputsForClean    1 calls
        0 ms  SetCABuildNativeEnvironmentVariables       1 calls
        0 ms  _GetCopyToOutputDirectoryItemsFromTransitiveProjectReferences   1 calls
        0 ms  GetCopyToOutputDirectoryItems              1 calls
        0 ms  MakeDirsForResourceCompile                 1 calls
        1 ms  FinalizeBuildStatus                        1 calls
        1 ms  CustomBuild                                1 calls
        1 ms  InitializeBuildStatus                      1 calls
        1 ms  PrepareForBuild                            1 calls
        3 ms  AfterMidl                                  1 calls
        7 ms  CoreClean                                  1 calls
       10 ms  _PrepareForClean                           1 calls
      147 ms  CoreCppClean                               1 calls
     1676 ms  ClCompile                                  1 calls
     2293 ms  Link                                       1 calls

Task Performance Summary:
        0 ms  Message                                    3 calls
        0 ms  AssignCulture                              1 calls
        0 ms  CheckVCToolsetVersion                      1 calls
        0 ms  AssignProjectConfiguration                 1 calls
        0 ms  RemoveDuplicates                           3 calls
        0 ms  MSBuild                                    1 calls
        0 ms  FindUnderPath                              7 calls
        0 ms  ConvertToAbsolutePath                      1 calls
        0 ms  AssignTargetPath                           7 calls
        0 ms  MakeDir                                   11 calls
        0 ms  CallTarget                                 2 calls
        1 ms  SetEnv                                     8 calls
        1 ms  Touch                                      2 calls
        1 ms  WriteLinesToFile                           3 calls
        1 ms  GetOutOfDateItems                          3 calls
        1 ms  Delete                                     7 calls
        7 ms  ReadLinesFromFile                          3 calls
      146 ms  CppClean                                   1 calls
     1675 ms  CL                                         1 calls
     2290 ms  Link                                       1 calls
