The system is: Windows - 10.0.18363 - AMD64
Compiling the C compiler identification source file "CMakeCCompilerId.c" succeeded.
Compiler: d:/benutzer/victor/programme/visualstudio/19/VC/Tools/MSVC/14.26.28801/bin/HostX64/x64/cl.exe 
Build flags: 
Id flags:  

The output was:
0
Microsoft (R) C/C++ Optimizing Compiler Version 19.26.28805 for x64
Copyright (C) Microsoft Corporation.  All rights reserved.

CMakeCCompilerId.c
Microsoft (R) Incremental Linker Version 14.26.28805.0
Copyright (C) Microsoft Corporation.  All rights reserved.

/out:CMakeCCompilerId.exe 
CMakeCCompilerId.obj 


Compilation of the C compiler identification source "CMakeCCompilerId.c" produced "CMakeCCompilerId.exe"

Compilation of the C compiler identification source "CMakeCCompilerId.c" produced "CMakeCCompilerId.obj"

The C compiler identification is MSVC, found in "D:/Benutzer/Victor/Textdateien/C++/HiraethEngine3/HiraethEngine3/Dependencies/bullet/include/Bullet3Dynamics/out/build/x64-Debug (default)/CMakeFiles/3.17.20032601-MSVC_2/CompilerIdC/CMakeCCompilerId.exe"

Compiling the CXX compiler identification source file "CMakeCXXCompilerId.cpp" succeeded.
Compiler: d:/benutzer/victor/programme/visualstudio/19/VC/Tools/MSVC/14.26.28801/bin/HostX64/x64/cl.exe 
Build flags: 
Id flags:  

The output was:
0
Microsoft (R) C/C++ Optimizing Compiler Version 19.26.28805 for x64
Copyright (C) Microsoft Corporation.  All rights reserved.

CMakeCXXCompilerId.cpp
Microsoft (R) Incremental Linker Version 14.26.28805.0
Copyright (C) Microsoft Corporation.  All rights reserved.

/out:CMakeCXXCompilerId.exe 
CMakeCXXCompilerId.obj 


Compilation of the CXX compiler identification source "CMakeCXXCompilerId.cpp" produced "CMakeCXXCompilerId.exe"

Compilation of the CXX compiler identification source "CMakeCXXCompilerId.cpp" produced "CMakeCXXCompilerId.obj"

The CXX compiler identification is MSVC, found in "D:/Benutzer/Victor/Textdateien/C++/HiraethEngine3/HiraethEngine3/Dependencies/bullet/include/Bullet3Dynamics/out/build/x64-Debug (default)/CMakeFiles/3.17.20032601-MSVC_2/CompilerIdCXX/CMakeCXXCompilerId.exe"

Determining if the C compiler works passed with the following output:
Change Dir: D:/Benutzer/Victor/Textdateien/C++/HiraethEngine3/HiraethEngine3/Dependencies/bullet/include/Bullet3Dynamics/out/build/x64-Debug (default)/CMakeFiles/CMakeTmp

Run Build Command(s):D:\BENUTZER\VICTOR\PROGRAMME\VISUALSTUDIO\19\COMMON7\IDE\COMMONEXTENSIONS\MICROSOFT\CMAKE\Ninja\ninja.exe cmTC_a9b1c && [1/2] Building C object CMakeFiles\cmTC_a9b1c.dir\testCCompiler.c.obj
[2/2] Linking C executable cmTC_a9b1c.exe



Detecting C compiler ABI info compiled with the following output:
Change Dir: D:/Benutzer/Victor/Textdateien/C++/HiraethEngine3/HiraethEngine3/Dependencies/bullet/include/Bullet3Dynamics/out/build/x64-Debug (default)/CMakeFiles/CMakeTmp

Run Build Command(s):D:\BENUTZER\VICTOR\PROGRAMME\VISUALSTUDIO\19\COMMON7\IDE\COMMONEXTENSIONS\MICROSOFT\CMAKE\Ninja\ninja.exe cmTC_9024b && [1/2] Building C object CMakeFiles\cmTC_9024b.dir\CMakeCCompilerABI.c.obj
[2/2] Linking C executable cmTC_9024b.exe



Determining if the CXX compiler works passed with the following output:
Change Dir: D:/Benutzer/Victor/Textdateien/C++/HiraethEngine3/HiraethEngine3/Dependencies/bullet/include/Bullet3Dynamics/out/build/x64-Debug (default)/CMakeFiles/CMakeTmp

Run Build Command(s):D:\BENUTZER\VICTOR\PROGRAMME\VISUALSTUDIO\19\COMMON7\IDE\COMMONEXTENSIONS\MICROSOFT\CMAKE\Ninja\ninja.exe cmTC_b175c && [1/2] Building CXX object CMakeFiles\cmTC_b175c.dir\testCXXCompiler.cxx.obj
[2/2] Linking CXX executable cmTC_b175c.exe



Detecting CXX compiler ABI info compiled with the following output:
Change Dir: D:/Benutzer/Victor/Textdateien/C++/HiraethEngine3/HiraethEngine3/Dependencies/bullet/include/Bullet3Dynamics/out/build/x64-Debug (default)/CMakeFiles/CMakeTmp

Run Build Command(s):D:\BENUTZER\VICTOR\PROGRAMME\VISUALSTUDIO\19\COMMON7\IDE\COMMONEXTENSIONS\MICROSOFT\CMAKE\Ninja\ninja.exe cmTC_aaed6 && [1/2] Building CXX object CMakeFiles\cmTC_aaed6.dir\CMakeCXXCompilerABI.cpp.obj
[2/2] Linking CXX executable cmTC_aaed6.exe



