  editor.cpp
D:\Benutzer\Victor\Textdateien\C++\HiraethEngine3\HiraethEngine3\HiraethEditor\editor.cpp(196,31): error C2660: 'heWindowCreate': function does not take 1 arguments
D:\Benutzer\Victor\Textdateien\C++\HiraethEngine3\HiraethEngine3\HiraethEngine3\src\heWindow.h(91,18): message : see declaration of 'heWindowCreate'

Project Performance Summary:
     3035 ms  D:\Benutzer\Victor\Textdateien\C++\HiraethEngine3\HiraethEngine3\HiraethEditor\HiraethEditor.vcxproj   1 calls
               3035 ms  Rebuild                                    1 calls

Target Performance Summary:
        0 ms  ResolveSDKReferences                       1 calls
        0 ms  ComputeCLInputPDBName                      1 calls
        0 ms  SetCABuildNativeEnvironmentVariables       1 calls
        0 ms  BeforeClCompile                            1 calls
        0 ms  SelectClCompile                            1 calls
        0 ms  ExpandSDKReferences                        1 calls
        0 ms  ResolveAssemblyReferences                  1 calls
        0 ms  AfterResolveReferences                     1 calls
        0 ms  ResolveReferences                          1 calls
        0 ms  BuildCompileTraverse                       1 calls
        0 ms  BuildGenerateSourcesTraverse               1 calls
        0 ms  BeforeBuildGenerateSources                 1 calls
        0 ms  PreBuildEvent                              1 calls
        0 ms  _SelectedFiles                             1 calls
        0 ms  SelectCustomBuild                          1 calls
        0 ms  ComputeCustomBuildOutput                   1 calls
        0 ms  BuildGenerateSources                       1 calls
        0 ms  CopyFileToFolders                          1 calls
        0 ms  _Xsd                                       1 calls
        0 ms  MakeDirsForMidl                            1 calls
        0 ms  ComputeMIDLGeneratedCompileInputs          1 calls
        0 ms  AfterMidl                                  1 calls
        0 ms  _Midl                                      1 calls
        0 ms  AfterBuildGenerateSources                  1 calls
        0 ms  GetResolvedWinMD                           1 calls
        0 ms  AfterBuildGenerateSourcesEvent             1 calls
        0 ms  FindReferenceAssembliesForReferences       1 calls
        0 ms  GetFrameworkPaths                          1 calls
        0 ms  _PrepareForRebuild                         1 calls
        0 ms  BeforeRebuild                              1 calls
        0 ms  _PrepareForClean                           1 calls
        0 ms  BeforeClean                                1 calls
        0 ms  FixupCLCompileOptions                      1 calls
        0 ms  _SplitProjectReferencesByFileExistence     1 calls
        0 ms  PrepareProjectReferences                   1 calls
        0 ms  CleanReferencedProjects                    1 calls
        0 ms  GetReferenceAssemblyPaths                  1 calls
        0 ms  AfterClean                                 1 calls
        0 ms  CleanPublishFolder                         1 calls
        0 ms  AfterCppClean                              1 calls
        0 ms  ComputeReferenceCLInput                    1 calls
        0 ms  CppClean                                   1 calls
        0 ms  Clean                                      1 calls
        0 ms  _PrepareForBuild                           1 calls
        0 ms  _PrepareForReferenceResolution             1 calls
        0 ms  BeforeResolveReferences                    1 calls
        0 ms  BeforeCppClean                             1 calls
        0 ms  _BuildGenerateSourcesAction                1 calls
        0 ms  WarnCompileDuplicatedFilename              1 calls
        0 ms  ResolveProjectReferences                   1 calls
        0 ms  _GetProjectReferenceTargetFrameworkProperties   1 calls
        0 ms  AssignProjectConfiguration                 1 calls
        0 ms  SetTelemetryEnvironmentVariables           1 calls
        0 ms  _CheckForInvalidConfigurationAndPlatform   1 calls
        0 ms  _CheckWindowsSDKInstalled                  1 calls
        0 ms  SetBuildDefaultEnvironmentVariables        1 calls
        0 ms  MakeDirsForCl                              1 calls
        0 ms  PGInstrumentedClean                        1 calls
        1 ms  CoreClean                                  1 calls
        1 ms  CustomBuild                                1 calls
        2 ms  InitializeBuildStatus                      1 calls
        3 ms  PrepareForBuild                            1 calls
        9 ms  CoreCppClean                               1 calls
     3010 ms  ClCompile                                  1 calls

Task Performance Summary:
        0 ms  Message                                    2 calls
        0 ms  ReadLinesFromFile                          2 calls
        0 ms  FindUnderPath                              2 calls
        0 ms  MakeDir                                    7 calls
        0 ms  AssignProjectConfiguration                 1 calls
        0 ms  CheckVCToolsetVersion                      1 calls
        0 ms  MSBuild                                    1 calls
        0 ms  SetEnv                                     8 calls
        0 ms  RemoveDuplicates                           1 calls
        0 ms  Delete                                     4 calls
        1 ms  WriteLinesToFile                           3 calls
        1 ms  Touch                                      1 calls
        1 ms  GetOutOfDateItems                          3 calls
        9 ms  CppClean                                   1 calls
     3009 ms  CL                                         1 calls
