  hnClient.cpp
  hnConnection.cpp
  hnServer.cpp
  hnWinSockLayer.cpp
  test.cpp
  Generating Code...
     Creating library C:\repos\HiraethEngine3\x64\Debug\HiraethNetwork.lib and object C:\repos\HiraethEngine3\x64\Debug\HiraethNetwork.exp
MSVCRTD.lib(exe_main.obj) : error LNK2019: unresolved external symbol main referenced in function "int __cdecl invoke_main(void)" (?invoke_main@@YAHXZ)
C:\repos\HiraethEngine3\x64\Debug\HiraethNetwork.exe : fatal error LNK1120: 1 unresolved externals

Project Performance Summary:
     6326 ms  C:\repos\HiraethEngine3\HiraethNetwork\HiraethNetwork.vcxproj   1 calls
               6326 ms  Rebuild                                    1 calls

Target Performance Summary:
        0 ms  _Xsd                                       1 calls
        0 ms  ComputeCLInputPDBName                      1 calls
        0 ms  BeforeClCompile                            1 calls
        0 ms  BuildCompileTraverse                       1 calls
        0 ms  BuildGenerateSources                       1 calls
        0 ms  _BuildGenerateSourcesAction                1 calls
        0 ms  AfterBuildGenerateSourcesEvent             1 calls
        0 ms  FindReferenceAssembliesForReferences       1 calls
        0 ms  AfterBuildGenerateSources                  1 calls
        0 ms  AfterMidl                                  1 calls
        0 ms  ComputeMIDLGeneratedCompileInputs          1 calls
        0 ms  SelectCustomBuild                          1 calls
        0 ms  _SelectedFiles                             1 calls
        0 ms  PreBuildEvent                              1 calls
        0 ms  BeforeBuildGenerateSources                 1 calls
        0 ms  _Midl                                      1 calls
        0 ms  BuildGenerateSourcesTraverse               1 calls
        0 ms  SelectClCompile                            1 calls
        0 ms  AfterClCompile                             1 calls
        0 ms  ComputeLinkInputsFromProject               1 calls
        0 ms  ComputeManifestGeneratedLinkerInputs       1 calls
        0 ms  ComputeRCGeneratedLinkInputs               1 calls
        0 ms  ComputeRCOutputs                           1 calls
        0 ms  BeforeLink                                 1 calls
        0 ms  ComputeLegacyManifestEmbedding             1 calls
        0 ms  PrepareResourceNames                       1 calls
        0 ms  BuildLinkTraverse                          1 calls
        0 ms  _BuildCompileAction                        1 calls
        0 ms  AfterBuildCompileEvent                     1 calls
        0 ms  _ResourceCompile                           1 calls
        0 ms  AfterResourceCompile                       1 calls
        0 ms  BeforeResourceCompile                      1 calls
        0 ms  _ClCompile                                 1 calls
        0 ms  BuildCompile                               1 calls
        0 ms  ResolveReferences                          1 calls
        0 ms  CreateCustomManifestResourceNames          1 calls
        0 ms  BeforeResolveReferences                    1 calls
        0 ms  Clean                                      1 calls
        0 ms  _PrepareForBuild                           1 calls
        0 ms  PrepareProjectReferences                   1 calls
        0 ms  BeforeRebuild                              1 calls
        0 ms  AfterResolveReferences                     1 calls
        0 ms  GetReferenceAssemblyPaths                  1 calls
        0 ms  BeforeClean                                1 calls
        0 ms  GetResolvedWinMD                           1 calls
        0 ms  CppClean                                   1 calls
        0 ms  AfterCppClean                              1 calls
        0 ms  PreLinkEvent                               1 calls
        0 ms  BeforeCppClean                             1 calls
        0 ms  AfterClean                                 1 calls
        0 ms  SetCABuildNativeEnvironmentVariables       1 calls
        0 ms  CleanReferencedProjects                    1 calls
        0 ms  ResolveSDKReferences                       1 calls
        0 ms  ExpandSDKReferences                        1 calls
        0 ms  ResolveAssemblyReferences                  1 calls
        0 ms  MakeDirsForMidl                            1 calls
        0 ms  SplitResourcesByCulture                    1 calls
        0 ms  _PrepareForRebuild                         1 calls
        0 ms  ComputeReferenceCLInput                    1 calls
        0 ms  ComputeCustomBuildOutput                   1 calls
        0 ms  GetFrameworkPaths                          1 calls
        0 ms  AssignTargetPaths                          1 calls
        0 ms  _GetProjectReferenceTargetFrameworkProperties   1 calls
        0 ms  DoLinkOutputFilesMatch                     1 calls
        0 ms  SetBuildDefaultEnvironmentVariables        1 calls
        0 ms  _CheckWindowsSDKInstalled                  1 calls
        0 ms  CopyFileToFolders                          1 calls
        0 ms  PGInstrumentedClean                        1 calls
        0 ms  ComputeCLGeneratedLinkInputs               1 calls
        0 ms  ComputeManifestInputsTargets               1 calls
        0 ms  MakeDirsForResourceCompile                 1 calls
        0 ms  AssignProjectConfiguration                 1 calls
        0 ms  FixupCLCompileOptions                      1 calls
        0 ms  _PrepareForReferenceResolution             1 calls
        0 ms  _SplitProjectReferencesByFileExistence     1 calls
        1 ms  InitializeBuildStatus                      1 calls
        1 ms  MakeDirsForLink                            1 calls
        2 ms  _PrepareForClean                           1 calls
        2 ms  ComputeLinkSwitches                        1 calls
        2 ms  CleanPublishFolder                         1 calls
        3 ms  CoreClean                                  1 calls
        3 ms  WarnCompileDuplicatedFilename              1 calls
        4 ms  MakeDirsForCl                              1 calls
        6 ms  ComputeCLOutputs                           1 calls
        8 ms  CustomBuild                                1 calls
        9 ms  SetTelemetryEnvironmentVariables           1 calls
       11 ms  _CheckForInvalidConfigurationAndPlatform   1 calls
       14 ms  PrepareForBuild                            1 calls
       19 ms  ResolveProjectReferences                   1 calls
       22 ms  CoreCppClean                               1 calls
      281 ms  Link                                       1 calls
     5887 ms  ClCompile                                  1 calls

Task Performance Summary:
        0 ms  ReadLinesFromFile                          2 calls
        0 ms  AssignCulture                              1 calls
        0 ms  AssignTargetPath                           4 calls
        0 ms  MSBuild                                    1 calls
        0 ms  AssignProjectConfiguration                 1 calls
        0 ms  RemoveDuplicates                           1 calls
        1 ms  Touch                                      1 calls
        1 ms  FindUnderPath                              2 calls
        1 ms  CheckVCToolsetVersion                      1 calls
        1 ms  Message                                    2 calls
        2 ms  WriteLinesToFile                           3 calls
        2 ms  Delete                                     5 calls
        2 ms  MakeDir                                    9 calls
        3 ms  SetEnv                                     8 calls
        8 ms  GetOutOfDateItems                          3 calls
       19 ms  CppClean                                   1 calls
      281 ms  Link                                       1 calls
     5886 ms  CL                                         1 calls
