d:\benutzer\victor\textdateien\c++\hiraethengine3\hiraethengine3\out\bin_dll-int\hiraethnetwork\vc142.pdb
d:\benutzer\victor\textdateien\c++\hiraethengine3\hiraethengine3\out\bin_dll-int\hiraethnetwork\vc142.idb
d:\benutzer\victor\textdateien\c++\hiraethengine3\hiraethengine3\out\bin_dll-int\hiraethnetwork\test.obj
d:\benutzer\victor\textdateien\c++\hiraethengine3\hiraethengine3\out\bin_dll-int\hiraethnetwork\hnwinsocklayer.obj
d:\benutzer\victor\textdateien\c++\hiraethengine3\hiraethengine3\out\bin_dll-int\hiraethnetwork\hnserver.obj
d:\benutzer\victor\textdateien\c++\hiraethengine3\hiraethengine3\out\bin_dll-int\hiraethnetwork\hnconnection.obj
d:\benutzer\victor\textdateien\c++\hiraethengine3\hiraethengine3\out\bin_dll-int\hiraethnetwork\hnclient.obj
d:\benutzer\victor\textdateien\c++\hiraethengine3\hiraethengine3\out\bin_dll\hiraethnetwork\hiraethnetwork-debug-x64.lib
d:\benutzer\victor\textdateien\c++\hiraethengine3\hiraethengine3\out\bin_dll\hiraethnetwork\hiraethnetwork-debug-x64.exp
d:\benutzer\victor\textdateien\c++\hiraethengine3\hiraethengine3\out\bin_dll\hiraethnetwork\hiraethnetwork-debugengine-x64.lib
d:\benutzer\victor\textdateien\c++\hiraethengine3\hiraethengine3\out\bin_dll\hiraethnetwork\hiraethnetwork-debugengine-x64.exp
d:\benutzer\victor\textdateien\c++\hiraethengine3\hiraethengine3\out\bin_dll\hiraethnetwork\hiraethnetwork-debug-x64.dll
d:\benutzer\victor\textdateien\c++\hiraethengine3\hiraethengine3\out\bin_dll\hiraethnetwork\hiraethnetwork-debug-x64.ilk
d:\benutzer\victor\textdateien\c++\hiraethengine3\hiraethengine3\out\bin_dll\hiraethnetwork\hiraethnetwork-debug-x64.pdb
d:\benutzer\victor\textdateien\c++\hiraethengine3\hiraethengine3\out\bin_dll-int\hiraethnetwork\hiraethnetwork.tlog\cl.command.1.tlog
d:\benutzer\victor\textdateien\c++\hiraethengine3\hiraethengine3\out\bin_dll-int\hiraethnetwork\hiraethnetwork.tlog\cl.read.1.tlog
d:\benutzer\victor\textdateien\c++\hiraethengine3\hiraethengine3\out\bin_dll-int\hiraethnetwork\hiraethnetwork.tlog\cl.write.1.tlog
d:\benutzer\victor\textdateien\c++\hiraethengine3\hiraethengine3\out\bin_dll-int\hiraethnetwork\hiraethnetwork.tlog\hiraethnetwork.write.1u.tlog
d:\benutzer\victor\textdateien\c++\hiraethengine3\hiraethengine3\out\bin_dll-int\hiraethnetwork\hiraethnetwork.tlog\link.command.1.tlog
d:\benutzer\victor\textdateien\c++\hiraethengine3\hiraethengine3\out\bin_dll-int\hiraethnetwork\hiraethnetwork.tlog\link.read.1.tlog
d:\benutzer\victor\textdateien\c++\hiraethengine3\hiraethengine3\out\bin_dll-int\hiraethnetwork\hiraethnetwork.tlog\link.write.1.tlog
