d:\benutzer\victor\textdateien\c++\hiraethengine3\hiraethengine3\out\bin-int\hiraethengine3\hiraethengine3-release-x64.pch
d:\benutzer\victor\textdateien\c++\hiraethengine3\hiraethengine3\out\bin-int\hiraethengine3\vc142.pdb
d:\benutzer\victor\textdateien\c++\hiraethengine3\hiraethengine3\out\bin-int\hiraethengine3\hepch.obj
d:\benutzer\victor\textdateien\c++\hiraethengine3\hiraethengine3\out\bin-int\hiraethengine3\hewindow.obj
d:\benutzer\victor\textdateien\c++\hiraethengine3\hiraethengine3\out\bin-int\hiraethengine3\hewin32layer.obj
d:\benutzer\victor\textdateien\c++\hiraethengine3\hiraethengine3\out\bin-int\hiraethengine3\heutils.obj
d:\benutzer\victor\textdateien\c++\hiraethengine3\hiraethengine3\out\bin-int\hiraethengine3\heui.obj
d:\benutzer\victor\textdateien\c++\hiraethengine3\hiraethengine3\out\bin-int\hiraethengine3\herenderer.obj
d:\benutzer\victor\textdateien\c++\hiraethengine3\hiraethengine3\out\bin-int\hiraethengine3\hephysics.obj
d:\benutzer\victor\textdateien\c++\hiraethengine3\hiraethengine3\out\bin-int\hiraethengine3\heloader.obj
d:\benutzer\victor\textdateien\c++\hiraethengine3\hiraethengine3\out\bin-int\hiraethengine3\hegllayer.obj
d:\benutzer\victor\textdateien\c++\hiraethengine3\hiraethengine3\out\bin-int\hiraethengine3\hedebugutils.obj
d:\benutzer\victor\textdateien\c++\hiraethengine3\hiraethengine3\out\bin-int\hiraethengine3\hed3.obj
d:\benutzer\victor\textdateien\c++\hiraethengine3\hiraethengine3\out\bin-int\hiraethengine3\hecore.obj
d:\benutzer\victor\textdateien\c++\hiraethengine3\hiraethengine3\out\bin-int\hiraethengine3\heconverter.obj
d:\benutzer\victor\textdateien\c++\hiraethengine3\hiraethengine3\out\bin-int\hiraethengine3\heconsole.obj
d:\benutzer\victor\textdateien\c++\hiraethengine3\hiraethengine3\out\bin-int\hiraethengine3\hebinary.obj
d:\benutzer\victor\textdateien\c++\hiraethengine3\hiraethengine3\out\bin-int\hiraethengine3\heassets.obj
d:\benutzer\victor\textdateien\c++\hiraethengine3\hiraethengine3\out\bin-int\hiraethengine3\main.obj
d:\benutzer\victor\textdateien\c++\hiraethengine3\hiraethengine3\out\bin-int\hiraethengine3\hiraethengine3.tlog\cl.command.1.tlog
d:\benutzer\victor\textdateien\c++\hiraethengine3\hiraethengine3\out\bin-int\hiraethengine3\hiraethengine3.tlog\cl.read.1.tlog
d:\benutzer\victor\textdateien\c++\hiraethengine3\hiraethengine3\out\bin-int\hiraethengine3\hiraethengine3.tlog\cl.write.1.tlog
d:\benutzer\victor\textdateien\c++\hiraethengine3\hiraethengine3\out\bin-int\hiraethengine3\hiraethengine3.tlog\link.command.1.tlog
d:\benutzer\victor\textdateien\c++\hiraethengine3\hiraethengine3\out\bin-int\hiraethengine3\hiraethengine3.tlog\link.read.1.tlog
d:\benutzer\victor\textdateien\c++\hiraethengine3\hiraethengine3\out\bin-int\hiraethengine3\hiraethengine3.tlog\link.write.1.tlog
